1553215316688	mozrunner::runner	INFO	Running command: "/usr/bin/firefox" "-marionette" "-foreground" "-no-remote" "-profile" "/tmp/rust_mozprofile.6ZpkUzVkPe99"
1553215317082	addons.webextension.screenshots@mozilla.org	WARN	Loading extension 'screenshots@mozilla.org': Reading manifest: Invalid extension permission: mozillaAddons
1553215317082	addons.webextension.screenshots@mozilla.org	WARN	Loading extension 'screenshots@mozilla.org': Reading manifest: Invalid extension permission: resource://pdf.js/
1553215317082	addons.webextension.screenshots@mozilla.org	WARN	Loading extension 'screenshots@mozilla.org': Reading manifest: Invalid extension permission: about:reader*
1553215318565	Marionette	INFO	Listening on port 33785
1553215318615	Marionette	WARN	TLS certificate errors will be ignored for this session
JavaScript warning: https://www.google.com/logos/doodles/2018/bach/r2/bach18.1.js, line 552: Error: WebGL warning: <SetDimensions>: Failed to create WebGL context: WebGL creation failed: 
* WebGL 2 requires support for the following features: 
  transform_feedback2
console.error: BroadcastService: 
  receivedBroadcastMessage: handler for
  remote-settings/monitor_changes
  threw error:
  Message: Error: Polling for changes failed: NetworkError when attempting to fetch resource..
  Stack:
    remoteSettingsFunction/remoteSettings.pollChanges@resource://services-settings/remote-settings.js:190:13

JavaScript error: , line 0: InvalidStateError: An attempt was made to use an object that is not, or is no longer, usable
JavaScript error: , line 0: InvalidStateError: An attempt was made to use an object that is not, or is no longer, usable
[Parent 21860, Gecko_IOThread] WARNING: pipe error (79): Connection reset by peer: file /build/firefox-c0zakz/firefox-66.0+build3/ipc/chromium/src/chrome/common/ipc_channel_posix.cc, line 357
[Parent 21860, Gecko_IOThread] WARNING: pipe error (96): Connection reset by peer: file /build/firefox-c0zakz/firefox-66.0+build3/ipc/chromium/src/chrome/common/ipc_channel_posix.cc, line 357
1553215511122	Marionette	INFO	Stopped listening on port 33785
1553215524096	mozrunner::runner	INFO	Running command: "/usr/bin/firefox" "-marionette" "-foreground" "-no-remote" "-profile" "/tmp/rust_mozprofile.Z5RCWP6wBUsK"
1553215524468	addons.webextension.screenshots@mozilla.org	WARN	Loading extension 'screenshots@mozilla.org': Reading manifest: Invalid extension permission: mozillaAddons
1553215524468	addons.webextension.screenshots@mozilla.org	WARN	Loading extension 'screenshots@mozilla.org': Reading manifest: Invalid extension permission: resource://pdf.js/
1553215524468	addons.webextension.screenshots@mozilla.org	WARN	Loading extension 'screenshots@mozilla.org': Reading manifest: Invalid extension permission: about:reader*
1553215525926	Marionette	INFO	Listening on port 41019
1553215526015	Marionette	WARN	TLS certificate errors will be ignored for this session
console.error: BroadcastService: 
  receivedBroadcastMessage: handler for
  remote-settings/monitor_changes
  threw error:
  Message: Error: Polling for changes failed: NetworkError when attempting to fetch resource..
  Stack:
    remoteSettingsFunction/remoteSettings.pollChanges@resource://services-settings/remote-settings.js:190:13

1553217135798	mozrunner::runner	INFO	Running command: "/usr/bin/firefox" "-marionette" "-foreground" "-no-remote" "-profile" "/tmp/rust_mozprofile.kETO7TnuxMB6"
1553217136198	addons.webextension.screenshots@mozilla.org	WARN	Loading extension 'screenshots@mozilla.org': Reading manifest: Invalid extension permission: mozillaAddons
1553217136198	addons.webextension.screenshots@mozilla.org	WARN	Loading extension 'screenshots@mozilla.org': Reading manifest: Invalid extension permission: resource://pdf.js/
1553217136198	addons.webextension.screenshots@mozilla.org	WARN	Loading extension 'screenshots@mozilla.org': Reading manifest: Invalid extension permission: about:reader*
1553217138077	Marionette	INFO	Listening on port 33805
1553217138113	Marionette	WARN	TLS certificate errors will be ignored for this session
1553217141885	Marionette	INFO	Stopped listening on port 33805
[Parent 22690, Gecko_IOThread] WARNING: pipe error (79): Connection reset by peer: file /build/firefox-c0zakz/firefox-66.0+build3/ipc/chromium/src/chrome/common/ipc_channel_posix.cc, line 357
1553217207600	mozrunner::runner	INFO	Running command: "/usr/bin/firefox" "-marionette" "-foreground" "-no-remote" "-profile" "/tmp/rust_mozprofile.rvznxhridH9P"
1553217207989	addons.webextension.screenshots@mozilla.org	WARN	Loading extension 'screenshots@mozilla.org': Reading manifest: Invalid extension permission: mozillaAddons
1553217207989	addons.webextension.screenshots@mozilla.org	WARN	Loading extension 'screenshots@mozilla.org': Reading manifest: Invalid extension permission: resource://pdf.js/
1553217207989	addons.webextension.screenshots@mozilla.org	WARN	Loading extension 'screenshots@mozilla.org': Reading manifest: Invalid extension permission: about:reader*
1553217209393	Marionette	INFO	Listening on port 36125
1553217209430	Marionette	WARN	TLS certificate errors will be ignored for this session
1553217212207	Marionette	INFO	Stopped listening on port 36125
[Parent 22988, Gecko_IOThread] WARNING: pipe error (79): Connection reset by peer: file /build/firefox-c0zakz/firefox-66.0+build3/ipc/chromium/src/chrome/common/ipc_channel_posix.cc, line 357
[Parent 22988, Gecko_IOThread] WARNING: pipe error (109): Connection reset by peer: file /build/firefox-c0zakz/firefox-66.0+build3/ipc/chromium/src/chrome/common/ipc_channel_posix.cc, line 357
1553217421590	mozrunner::runner	INFO	Running command: "/usr/bin/firefox" "-marionette" "-foreground" "-no-remote" "-profile" "/tmp/rust_mozprofile.u4IyqaV25SY5"
1553217421965	addons.webextension.screenshots@mozilla.org	WARN	Loading extension 'screenshots@mozilla.org': Reading manifest: Invalid extension permission: mozillaAddons
1553217421966	addons.webextension.screenshots@mozilla.org	WARN	Loading extension 'screenshots@mozilla.org': Reading manifest: Invalid extension permission: resource://pdf.js/
1553217421966	addons.webextension.screenshots@mozilla.org	WARN	Loading extension 'screenshots@mozilla.org': Reading manifest: Invalid extension permission: about:reader*
1553217423388	Marionette	INFO	Listening on port 46321
1553217423420	Marionette	WARN	TLS certificate errors will be ignored for this session
1553217583642	mozrunner::runner	INFO	Running command: "/usr/bin/firefox" "-marionette" "-foreground" "-no-remote" "-profile" "/tmp/rust_mozprofile.lnuyGmvEShbm"
1553217584035	addons.webextension.screenshots@mozilla.org	WARN	Loading extension 'screenshots@mozilla.org': Reading manifest: Invalid extension permission: mozillaAddons
1553217584035	addons.webextension.screenshots@mozilla.org	WARN	Loading extension 'screenshots@mozilla.org': Reading manifest: Invalid extension permission: resource://pdf.js/
1553217584035	addons.webextension.screenshots@mozilla.org	WARN	Loading extension 'screenshots@mozilla.org': Reading manifest: Invalid extension permission: about:reader*
1553217585767	Marionette	INFO	Listening on port 42139
1553217585909	Marionette	WARN	TLS certificate errors will be ignored for this session
console.error: BroadcastService: 
console.error: BroadcastService: 
  receivedBroadcastMessage: handler for
  receivedBroadcastMessage: handler for
  remote-settings/monitor_changes
  remote-settings/monitor_changes
  threw error:
  threw error:
  Message: Error: Polling for changes failed: NetworkError when attempting to fetch resource..
  Stack:
    remoteSettingsFunction/remoteSettings.pollChanges@resource://services-settings/remote-settings.js:190:13

  Message: Error: Polling for changes failed: NetworkError when attempting to fetch resource..
  Stack:
    remoteSettingsFunction/remoteSettings.pollChanges@resource://services-settings/remote-settings.js:190:13

